# JRE version: OpenJDK Runtime Environment (8.0_265-b01) (build 1.8.0_265-8u265-b01-0ubuntu2~18.04-b01)
# Java VM: OpenJDK 64-Bit Server VM (25.265-b01 mixed mode linux-amd64 compressed oops)
Heap:
 PSYoungGen      total 281600K, used 0K [0x00000000eb700000, 0x0000000100000000, 0x0000000100000000)
  eden space 258048K, 0% used [0x00000000eb700000,0x00000000eb700000,0x00000000fb300000)
  from space 23552K, 0% used [0x00000000fe700000,0x00000000fe700000,0x00000000ffe00000)
  to   space 39424K, 0% used [0x00000000fb300000,0x00000000fb300000,0x00000000fd980000)
 ParOldGen       total 101376K, used 96897K [0x00000000c2400000, 0x00000000c8700000, 0x00000000eb700000)
  object space 101376K, 95% used [0x00000000c2400000,0x00000000c82a04e8,0x00000000c8700000)
 Metaspace       used 51503K, capacity 52364K, committed 59224K, reserved 1101824K
  class space    used 5792K, capacity 6036K, committed 7768K, reserved 1048576K
GC Heap History (10 events):
Event: 188.709 GC heap after
Heap after GC invocations=42 (full 4):
 PSYoungGen      total 309248K, used 8576K [0x00000000eb700000, 0x0000000100000000, 0x0000000100000000)
  eden space 282112K, 0% used [0x00000000eb700000,0x00000000eb700000,0x00000000fca80000)
  from space 27136K, 31% used [0x00000000fe400000,0x00000000fec60000,0x00000000ffe80000)
  to   space 26112K, 0% used [0x00000000fca80000,0x00000000fca80000,0x00000000fe400000)
 ParOldGen       total 80896K, used 58235K [0x00000000c2400000, 0x00000000c7300000, 0x00000000eb700000)
  object space 80896K, 71% used [0x00000000c2400000,0x00000000c5cdef50,0x00000000c7300000)
 Metaspace       used 52289K, capacity 53020K, committed 55640K, reserved 1097728K
  class space    used 5854K, capacity 6023K, committed 7768K, reserved 1048576K
}
Event: 189.431 GC heap before
{Heap before GC invocations=43 (full 4):
 PSYoungGen      total 309248K, used 290688K [0x00000000eb700000, 0x0000000100000000, 0x0000000100000000)
  eden space 282112K, 100% used [0x00000000eb700000,0x00000000fca80000,0x00000000fca80000)
  from space 27136K, 31% used [0x00000000fe400000,0x00000000fec60000,0x00000000ffe80000)
  to   space 26112K, 0% used [0x00000000fca80000,0x00000000fca80000,0x00000000fe400000)
 ParOldGen       total 80896K, used 58235K [0x00000000c2400000, 0x00000000c7300000, 0x00000000eb700000)
  object space 80896K, 71% used [0x00000000c2400000,0x00000000c5cdef50,0x00000000c7300000)
 Metaspace       used 52291K, capacity 53084K, committed 55640K, reserved 1097728K
  class space    used 5854K, capacity 6023K, committed 7768K, reserved 1048576K
Event: 189.475 GC heap after
Heap after GC invocations=43 (full 4):
 PSYoungGen      total 308224K, used 12192K [0x00000000eb700000, 0x00000000ffd00000, 0x0000000100000000)
  eden space 282112K, 0% used [0x00000000eb700000,0x00000000eb700000,0x00000000fca80000)
  from space 26112K, 46% used [0x00000000fca80000,0x00000000fd668000,0x00000000fe400000)
  to   space 25088K, 0% used [0x00000000fe480000,0x00000000fe480000,0x00000000ffd00000)
 ParOldGen       total 80896K, used 60771K [0x00000000c2400000, 0x00000000c7300000, 0x00000000eb700000)
  object space 80896K, 75% used [0x00000000c2400000,0x00000000c5f58f50,0x00000000c7300000)
 Metaspace       used 52291K, capacity 53084K, committed 55640K, reserved 1097728K
  class space    used 5854K, capacity 6023K, committed 7768K, reserved 1048576K
}
Event: 190.102 GC heap before
{Heap before GC invocations=44 (full 4):
 PSYoungGen      total 308224K, used 294304K [0x00000000eb700000, 0x00000000ffd00000, 0x0000000100000000)
  eden space 282112K, 100% used [0x00000000eb700000,0x00000000fca80000,0x00000000fca80000)
  from space 26112K, 46% used [0x00000000fca80000,0x00000000fd668000,0x00000000fe400000)
  to   space 25088K, 0% used [0x00000000fe480000,0x00000000fe480000,0x00000000ffd00000)
 ParOldGen       total 80896K, used 60771K [0x00000000c2400000, 0x00000000c7300000, 0x00000000eb700000)
  object space 80896K, 75% used [0x00000000c2400000,0x00000000c5f58f50,0x00000000c7300000)
 Metaspace       used 52293K, capacity 53084K, committed 55640K, reserved 1097728K
  class space    used 5854K, capacity 6023K, committed 7768K, reserved 1048576K
Event: 190.125 GC heap after
Heap after GC invocations=44 (full 4):
 PSYoungGen      total 309760K, used 10016K [0x00000000eb700000, 0x00000000ffd00000, 0x0000000100000000)
  eden space 284672K, 0% used [0x00000000eb700000,0x00000000eb700000,0x00000000fcd00000)
  from space 25088K, 39% used [0x00000000fe480000,0x00000000fee48000,0x00000000ffd00000)
  to   space 24064K, 0% used [0x00000000fcd00000,0x00000000fcd00000,0x00000000fe480000)
 ParOldGen       total 80896K, used 64419K [0x00000000c2400000, 0x00000000c7300000, 0x00000000eb700000)
  object space 80896K, 79% used [0x00000000c2400000,0x00000000c62e8f50,0x00000000c7300000)
 Metaspace       used 52293K, capacity 53084K, committed 55640K, reserved 1097728K
  class space    used 5854K, capacity 6023K, committed 7768K, reserved 1048576K
}
Event: 196.147 GC heap before
{Heap before GC invocations=45 (full 4):
 PSYoungGen      total 309760K, used 294688K [0x00000000eb700000, 0x00000000ffd00000, 0x0000000100000000)
  eden space 284672K, 100% used [0x00000000eb700000,0x00000000fcd00000,0x00000000fcd00000)
  from space 25088K, 39% used [0x00000000fe480000,0x00000000fee48000,0x00000000ffd00000)
  to   space 24064K, 0% used [0x00000000fcd00000,0x00000000fcd00000,0x00000000fe480000)
 ParOldGen       total 80896K, used 64419K [0x00000000c2400000, 0x00000000c7300000, 0x00000000eb700000)
  object space 80896K, 79% used [0x00000000c2400000,0x00000000c62e8f50,0x00000000c7300000)
 Metaspace       used 52543K, capacity 53382K, committed 55640K, reserved 1097728K
  class space    used 5885K, capacity 6094K, committed 7768K, reserved 1048576K
Event: 196.176 GC heap after
Heap after GC invocations=45 (full 4):
 PSYoungGen      total 308736K, used 13680K [0x00000000eb700000, 0x00000000ffe00000, 0x0000000100000000)
  eden space 284672K, 0% used [0x00000000eb700000,0x00000000eb700000,0x00000000fcd00000)
  from space 24064K, 56% used [0x00000000fcd00000,0x00000000fda5c2d8,0x00000000fe480000)
  to   space 23552K, 0% used [0x00000000fe700000,0x00000000fe700000,0x00000000ffe00000)
 ParOldGen       total 80896K, used 67371K [0x00000000c2400000, 0x00000000c7300000, 0x00000000eb700000)
  object space 80896K, 83% used [0x00000000c2400000,0x00000000c65caf50,0x00000000c7300000)
 Metaspace       used 52543K, capacity 53382K, committed 55640K, reserved 1097728K
  class space    used 5885K, capacity 6094K, committed 7768K, reserved 1048576K
}
Event: 228.633 GC heap before
{Heap before GC invocations=46 (full 4):
 PSYoungGen      total 308736K, used 298352K [0x00000000eb700000, 0x00000000ffe00000, 0x0000000100000000)
  eden space 284672K, 100% used [0x00000000eb700000,0x00000000fcd00000,0x00000000fcd00000)
  from space 24064K, 56% used [0x00000000fcd00000,0x00000000fda5c2d8,0x00000000fe480000)
  to   space 23552K, 0% used [0x00000000fe700000,0x00000000fe700000,0x00000000ffe00000)
 ParOldGen       total 80896K, used 67371K [0x00000000c2400000, 0x00000000c7300000, 0x00000000eb700000)
  object space 80896K, 83% used [0x00000000c2400000,0x00000000c65caf50,0x00000000c7300000)
 Metaspace       used 57093K, capacity 58018K, committed 59224K, reserved 1101824K
  class space    used 6405K, capacity 6660K, committed 7768K, reserved 1048576K
Event: 228.790 GC heap after
Heap after GC invocations=46 (full 4):
 PSYoungGen      total 281600K, used 23525K [0x00000000eb700000, 0x0000000100000000, 0x0000000100000000)
  eden space 258048K, 0% used [0x00000000eb700000,0x00000000eb700000,0x00000000fb300000)
  from space 23552K, 99% used [0x00000000fe700000,0x00000000ffdf96a8,0x00000000ffe00000)
  to   space 39424K, 0% used [0x00000000fb300000,0x00000000fb300000,0x00000000fd980000)
 ParOldGen       total 101376K, used 101242K [0x00000000c2400000, 0x00000000c8700000, 0x00000000eb700000)
  object space 101376K, 99% used [0x00000000c2400000,0x00000000c86debf0,0x00000000c8700000)
 Metaspace       used 57093K, capacity 58018K, committed 59224K, reserved 1101824K
  class space    used 6405K, capacity 6660K, committed 7768K, reserved 1048576K
}
Event: 228.790 GC heap before
{Heap before GC invocations=47 (full 5):
 PSYoungGen      total 281600K, used 23525K [0x00000000eb700000, 0x0000000100000000, 0x0000000100000000)
  eden space 258048K, 0% used [0x00000000eb700000,0x00000000eb700000,0x00000000fb300000)
  from space 23552K, 99% used [0x00000000fe700000,0x00000000ffdf96a8,0x00000000ffe00000)
  to   space 39424K, 0% used [0x00000000fb300000,0x00000000fb300000,0x00000000fd980000)
 ParOldGen       total 101376K, used 101242K [0x00000000c2400000, 0x00000000c8700000, 0x00000000eb700000)
  object space 101376K, 99% used [0x00000000c2400000,0x00000000c86debf0,0x00000000c8700000)
 Metaspace       used 57093K, capacity 58018K, committed 59224K, reserved 1101824K
  class space    used 6405K, capacity 6660K, committed 7768K, reserved 1048576K

